<?xml version="1.0" encoding="UTF-8"?>
<!-- Generated by org.testng.reporters.JUnitXMLReporter -->
<testsuite hostname="pranodaydwin81" name="RightsUserDataNotSentToClient" tests="24" failures="0" timestamp="26 Jul 2018 09:31:49 GMT" time="84.346" errors="0">
  <testcase name="P1" time="1.047" classname="com.magicsoftware.TestAutomation.TestCases.WebClient.RadioControl"/>
  <testcase name="P2" time="0.755" classname="com.magicsoftware.TestAutomation.TestCases.WebClient.RadioControl"/>
  <testcase name="P3" time="0.805" classname="com.magicsoftware.TestAutomation.TestCases.WebClient.RadioControl"/>
  <testcase name="P4" time="0.493" classname="com.magicsoftware.TestAutomation.TestCases.WebClient.RadioControl"/>
  <testcase name="P5" time="0.604" classname="com.magicsoftware.TestAutomation.TestCases.WebClient.RadioControl"/>
  <testcase name="P6" time="1.01" classname="com.magicsoftware.TestAutomation.TestCases.WebClient.RadioControl"/>
  <testcase name="P7" time="0.607" classname="com.magicsoftware.TestAutomation.TestCases.WebClient.RadioControl"/>
  <testcase name="P8" time="0.624" classname="com.magicsoftware.TestAutomation.TestCases.WebClient.RadioControl"/>
  <testcase name="P9" time="0.591" classname="com.magicsoftware.TestAutomation.TestCases.WebClient.RadioControl"/>
  <testcase name="P10" time="0.318" classname="com.magicsoftware.TestAutomation.TestCases.WebClient.RadioControl"/>
  <testcase name="P11" time="0.311" classname="com.magicsoftware.TestAutomation.TestCases.WebClient.RadioControl"/>
  <testcase name="P12" time="10.535" classname="com.magicsoftware.TestAutomation.TestCases.WebClient.RadioControl"/>
  <testcase name="P14" time="0.532" classname="com.magicsoftware.TestAutomation.TestCases.WebClient.RadioControl"/>
  <testcase name="P15" time="0.48" classname="com.magicsoftware.TestAutomation.TestCases.WebClient.RadioControl"/>
  <testcase name="P16" time="0.611" classname="com.magicsoftware.TestAutomation.TestCases.WebClient.RadioControl"/>
  <testcase name="P17" time="12.917" classname="com.magicsoftware.TestAutomation.TestCases.WebClient.RadioControl"/>
  <testcase name="P18" time="1.288" classname="com.magicsoftware.TestAutomation.TestCases.WebClient.RadioControl"/>
  <testcase name="P19" time="1.138" classname="com.magicsoftware.TestAutomation.TestCases.WebClient.RadioControl"/>
  <testcase name="P20" time="6.819" classname="com.magicsoftware.TestAutomation.TestCases.WebClient.RadioControl"/>
  <testcase name="P21" time="6.557" classname="com.magicsoftware.TestAutomation.TestCases.WebClient.RadioControl"/>
  <testcase name="P22" time="0.001" classname="com.magicsoftware.TestAutomation.TestCases.WebClient.RadioControl"/>
  <testcase name="P23" time="0.901" classname="com.magicsoftware.TestAutomation.TestCases.WebClient.RadioControl"/>
  <testcase name="P24" time="0.649" classname="com.magicsoftware.TestAutomation.TestCases.WebClient.RadioControl"/>
  <testcase name="P25" time="6.594" classname="com.magicsoftware.TestAutomation.TestCases.WebClient.RadioControl"/>
</testsuite> <!-- RightsUserDataNotSentToClient -->
